<?xml version="1.0" encoding="UTF-8"?>
<coverage generated="1732664435504" clover="3.2.0">
  <project timestamp="1732664435504" name="All files">
    <metrics statements="96" coveredstatements="90" conditionals="27" coveredconditionals="20" methods="18" coveredmethods="11" elements="141" coveredelements="121" complexity="0" loc="96" ncloc="96" packages="3" files="4" classes="4"/>
    <package name="config">
      <metrics statements="14" coveredstatements="14" conditionals="0" coveredconditionals="0" methods="0" coveredmethods="0"/>
      <file name="knex.js" path="/home/kali_xo/Documents/DNC/desafios/desafio7-typescript/desafio-tech-testes/dist/config/knex.js">
        <metrics statements="14" coveredstatements="14" conditionals="0" coveredconditionals="0" methods="0" coveredmethods="0"/>
        <line num="1" count="1" type="stmt"/>
        <line num="2" count="1" type="stmt"/>
        <line num="3" count="1" type="stmt"/>
        <line num="4" count="1" type="stmt"/>
        <line num="5" count="1" type="stmt"/>
        <line num="6" count="1" type="stmt"/>
        <line num="7" count="1" type="stmt"/>
        <line num="8" count="1" type="stmt"/>
        <line num="9" count="1" type="stmt"/>
        <line num="10" count="1" type="stmt"/>
        <line num="11" count="1" type="stmt"/>
        <line num="12" count="1" type="stmt"/>
        <line num="13" count="1" type="stmt"/>
        <line num="14" count="1" type="stmt"/>
      </file>
    </package>
    <package name="module.aluno">
      <metrics statements="29" coveredstatements="29" conditionals="9" coveredconditionals="8" methods="8" coveredmethods="5"/>
      <file name="aluno.factory.js" path="/home/kali_xo/Documents/DNC/desafios/desafio7-typescript/desafio-tech-testes/dist/module/aluno/aluno.factory.js">
        <metrics statements="5" coveredstatements="5" conditionals="0" coveredconditionals="0" methods="0" coveredmethods="0"/>
        <line num="1" count="1" type="stmt"/>
        <line num="2" count="1" type="stmt"/>
        <line num="3" count="1" type="stmt"/>
        <line num="4" count="1" type="stmt"/>
        <line num="5" count="1" type="stmt"/>
      </file>
      <file name="aluno.model.js" path="/home/kali_xo/Documents/DNC/desafios/desafio7-typescript/desafio-tech-testes/dist/module/aluno/aluno.model.js">
        <metrics statements="24" coveredstatements="24" conditionals="9" coveredconditionals="8" methods="8" coveredmethods="5"/>
        <line num="1" count="1" type="stmt"/>
        <line num="2" count="1" type="cond" truecount="1" falsecount="0"/>
        <line num="3" count="2" type="stmt"/>
        <line num="4" count="2" type="cond" truecount="1" falsecount="0"/>
        <line num="5" count="2" type="stmt"/>
        <line num="6" count="2" type="stmt"/>
        <line num="7" count="2" type="cond" truecount="1" falsecount="1"/>
        <line num="8" count="2" type="stmt"/>
        <line num="9" count="2" type="stmt"/>
        <line num="10" count="2" type="stmt"/>
        <line num="11" count="1" type="stmt"/>
        <line num="12" count="1" type="stmt"/>
        <line num="13" count="1" type="stmt"/>
        <line num="14" count="1" type="cond" truecount="1" falsecount="0"/>
        <line num="15" count="3" type="cond" truecount="2" falsecount="0"/>
        <line num="16" count="1" type="stmt"/>
        <line num="17" count="3" type="stmt"/>
        <line num="18" count="3" type="cond" truecount="2" falsecount="0"/>
        <line num="19" count="1" type="stmt"/>
        <line num="20" count="3" type="stmt"/>
        <line num="21" count="3" type="stmt"/>
        <line num="22" count="3" type="stmt"/>
        <line num="23" count="1" type="stmt"/>
        <line num="24" count="1" type="stmt"/>
      </file>
    </package>
    <package name="service">
      <metrics statements="53" coveredstatements="47" conditionals="18" coveredconditionals="12" methods="10" coveredmethods="6"/>
      <file name="knex.js" path="/home/kali_xo/Documents/DNC/desafios/desafio7-typescript/desafio-tech-testes/dist/service/knex.js">
        <metrics statements="53" coveredstatements="47" conditionals="18" coveredconditionals="12" methods="10" coveredmethods="6"/>
        <line num="1" count="1" type="stmt"/>
        <line num="2" count="1" type="cond" truecount="1" falsecount="0"/>
        <line num="3" count="13" type="stmt"/>
        <line num="4" count="13" type="stmt"/>
        <line num="5" count="13" type="cond" truecount="2" falsecount="1"/>
        <line num="6" count="11" type="stmt"/>
        <line num="7" count="11" type="stmt"/>
        <line num="8" count="13" type="stmt"/>
        <line num="9" count="1" type="cond" truecount="0" falsecount="1"/>
        <line num="10" count="0" type="stmt"/>
        <line num="11" count="0" type="stmt"/>
        <line num="12" count="1" type="stmt"/>
        <line num="13" count="1" type="cond" truecount="1" falsecount="0"/>
        <line num="14" count="1" type="stmt"/>
        <line num="15" count="1" type="cond" truecount="0" falsecount="1"/>
        <line num="16" count="0" type="stmt"/>
        <line num="17" count="1" type="stmt"/>
        <line num="18" count="1" type="cond" truecount="1" falsecount="0"/>
        <line num="19" count="1" type="cond" truecount="1" falsecount="0"/>
        <line num="20" count="1" type="cond" truecount="0" falsecount="1"/>
        <line num="21" count="0" type="stmt"/>
        <line num="22" count="0" type="stmt"/>
        <line num="23" count="0" type="stmt"/>
        <line num="24" count="1" type="stmt"/>
        <line num="25" count="1" type="stmt"/>
        <line num="26" count="1" type="stmt"/>
        <line num="27" count="1" type="cond" truecount="1" falsecount="0"/>
        <line num="28" count="1" type="cond" truecount="0" falsecount="1"/>
        <line num="29" count="1" type="stmt"/>
        <line num="30" count="1" type="cond" truecount="2" falsecount="0"/>
        <line num="31" count="1" type="stmt"/>
        <line num="32" count="1" type="stmt"/>
        <line num="33" count="1" type="stmt"/>
        <line num="34" count="1" type="stmt"/>
        <line num="35" count="1" type="cond" truecount="1" falsecount="0"/>
        <line num="36" count="1" type="cond" truecount="0" falsecount="1"/>
        <line num="37" count="1" type="stmt"/>
        <line num="38" count="1" type="stmt"/>
        <line num="39" count="1" type="stmt"/>
        <line num="40" count="1" type="stmt"/>
        <line num="41" count="1" type="stmt"/>
        <line num="42" count="1" type="stmt"/>
        <line num="43" count="1" type="cond" truecount="1" falsecount="0"/>
        <line num="44" count="1" type="cond" truecount="1" falsecount="0"/>
        <line num="45" count="1" type="stmt"/>
        <line num="46" count="1" type="stmt"/>
        <line num="47" count="1" type="stmt"/>
        <line num="48" count="1" type="stmt"/>
        <line num="49" count="1" type="stmt"/>
        <line num="50" count="1" type="stmt"/>
        <line num="51" count="1" type="stmt"/>
        <line num="52" count="1" type="stmt"/>
        <line num="53" count="1" type="stmt"/>
      </file>
    </package>
  </project>
</coverage>
