{"/home/kali_xo/Documents/DNC/desafios/desafio7-typescript/desafio-tech-testes/dist/config/knex.js": {"path":"/home/kali_xo/Documents/DNC/desafios/desafio7-typescript/desafio-tech-testes/dist/config/knex.js","all":false,"statementMap":{"0":{"start":{"line":1,"column":0},"end":{"line":1,"column":13}},"1":{"start":{"line":2,"column":0},"end":{"line":2,"column":62}},"2":{"start":{"line":3,"column":0},"end":{"line":3,"column":28}},"3":{"start":{"line":4,"column":0},"end":{"line":4,"column":22}},"4":{"start":{"line":5,"column":0},"end":{"line":5,"column":21}},"5":{"start":{"line":6,"column":0},"end":{"line":6,"column":17}},"6":{"start":{"line":7,"column":0},"end":{"line":7,"column":25}},"7":{"start":{"line":8,"column":0},"end":{"line":8,"column":19}},"8":{"start":{"line":9,"column":0},"end":{"line":9,"column":21}},"9":{"start":{"line":10,"column":0},"end":{"line":10,"column":29}},"10":{"start":{"line":11,"column":0},"end":{"line":11,"column":29}},"11":{"start":{"line":12,"column":0},"end":{"line":12,"column":6}},"12":{"start":{"line":13,"column":0},"end":{"line":13,"column":2}},"13":{"start":{"line":14,"column":0},"end":{"line":14,"column":37}}},"s":{"0":1,"1":1,"2":1,"3":1,"4":1,"5":1,"6":1,"7":1,"8":1,"9":1,"10":1,"11":1,"12":1,"13":1},"branchMap":{},"b":{},"fnMap":{},"f":{}}
,"/home/kali_xo/Documents/DNC/desafios/desafio7-typescript/desafio-tech-testes/dist/module/aluno/aluno.factory.js": {"path":"/home/kali_xo/Documents/DNC/desafios/desafio7-typescript/desafio-tech-testes/dist/module/aluno/aluno.factory.js","all":false,"statementMap":{"0":{"start":{"line":1,"column":0},"end":{"line":1,"column":13}},"1":{"start":{"line":2,"column":0},"end":{"line":2,"column":62}},"2":{"start":{"line":3,"column":0},"end":{"line":3,"column":47}},"3":{"start":{"line":4,"column":0},"end":{"line":4,"column":45}},"4":{"start":{"line":5,"column":0},"end":{"line":5,"column":66}}},"s":{"0":1,"1":1,"2":1,"3":1,"4":1},"branchMap":{},"b":{},"fnMap":{},"f":{}}
,"/home/kali_xo/Documents/DNC/desafios/desafio7-typescript/desafio-tech-testes/dist/module/aluno/aluno.model.js": {"path":"/home/kali_xo/Documents/DNC/desafios/desafio7-typescript/desafio-tech-testes/dist/module/aluno/aluno.model.js","all":false,"statementMap":{"0":{"start":{"line":1,"column":0},"end":{"line":1,"column":13}},"1":{"start":{"line":2,"column":0},"end":{"line":2,"column":90}},"2":{"start":{"line":3,"column":0},"end":{"line":3,"column":112}},"3":{"start":{"line":4,"column":0},"end":{"line":4,"column":64}},"4":{"start":{"line":5,"column":0},"end":{"line":5,"column":99}},"5":{"start":{"line":6,"column":0},"end":{"line":6,"column":102}},"6":{"start":{"line":7,"column":0},"end":{"line":7,"column":118}},"7":{"start":{"line":8,"column":0},"end":{"line":8,"column":78}},"8":{"start":{"line":9,"column":0},"end":{"line":9,"column":7}},"9":{"start":{"line":10,"column":0},"end":{"line":10,"column":2}},"10":{"start":{"line":11,"column":0},"end":{"line":11,"column":62}},"11":{"start":{"line":12,"column":0},"end":{"line":12,"column":23}},"12":{"start":{"line":13,"column":0},"end":{"line":13,"column":13}},"13":{"start":{"line":14,"column":0},"end":{"line":14,"column":30}},"14":{"start":{"line":15,"column":0},"end":{"line":15,"column":74}},"15":{"start":{"line":16,"column":0},"end":{"line":16,"column":48}},"16":{"start":{"line":17,"column":0},"end":{"line":17,"column":11}},"17":{"start":{"line":18,"column":0},"end":{"line":18,"column":79}},"18":{"start":{"line":19,"column":0},"end":{"line":19,"column":54}},"19":{"start":{"line":20,"column":0},"end":{"line":20,"column":11}},"20":{"start":{"line":21,"column":0},"end":{"line":21,"column":41}},"21":{"start":{"line":22,"column":0},"end":{"line":22,"column":5}},"22":{"start":{"line":23,"column":0},"end":{"line":23,"column":1}},"23":{"start":{"line":24,"column":0},"end":{"line":24,"column":22}}},"s":{"0":1,"1":1,"2":2,"3":2,"4":2,"5":2,"6":2,"7":2,"8":2,"9":2,"10":1,"11":1,"12":1,"13":1,"14":3,"15":1,"16":3,"17":3,"18":1,"19":3,"20":3,"21":3,"22":1,"23":1},"branchMap":{"0":{"type":"branch","line":2,"loc":{"start":{"line":2,"column":44},"end":{"line":10,"column":2}},"locations":[{"start":{"line":2,"column":44},"end":{"line":10,"column":2}}]},"1":{"type":"branch","line":4,"loc":{"start":{"line":4,"column":36},"end":{"line":9,"column":5}},"locations":[{"start":{"line":4,"column":36},"end":{"line":9,"column":5}}]},"2":{"type":"branch","line":7,"loc":{"start":{"line":7,"column":8},"end":{"line":7,"column":118}},"locations":[{"start":{"line":7,"column":8},"end":{"line":7,"column":118}}]},"3":{"type":"branch","line":7,"loc":{"start":{"line":7,"column":67},"end":{"line":7,"column":115}},"locations":[{"start":{"line":7,"column":67},"end":{"line":7,"column":115}}]},"4":{"type":"branch","line":14,"loc":{"start":{"line":14,"column":4},"end":{"line":22,"column":5}},"locations":[{"start":{"line":14,"column":4},"end":{"line":22,"column":5}}]},"5":{"type":"branch","line":15,"loc":{"start":{"line":15,"column":22},"end":{"line":17,"column":10}},"locations":[{"start":{"line":15,"column":22},"end":{"line":17,"column":10}}]},"6":{"type":"branch","line":15,"loc":{"start":{"line":15,"column":60},"end":{"line":17,"column":9}},"locations":[{"start":{"line":15,"column":60},"end":{"line":17,"column":9}}]},"7":{"type":"branch","line":18,"loc":{"start":{"line":18,"column":22},"end":{"line":20,"column":10}},"locations":[{"start":{"line":18,"column":22},"end":{"line":20,"column":10}}]},"8":{"type":"branch","line":18,"loc":{"start":{"line":18,"column":65},"end":{"line":20,"column":9}},"locations":[{"start":{"line":18,"column":65},"end":{"line":20,"column":9}}]}},"b":{"0":[2],"1":[2],"2":[1],"3":[0],"4":[3],"5":[1],"6":[1],"7":[1],"8":[1]},"fnMap":{"0":{"name":"Object.<anonymous>.__awaiter","decl":{"start":{"line":2,"column":44},"end":{"line":10,"column":2}},"loc":{"start":{"line":2,"column":44},"end":{"line":10,"column":2}},"line":2},"1":{"name":"adopt","decl":{"start":{"line":3,"column":4},"end":{"line":3,"column":112}},"loc":{"start":{"line":3,"column":4},"end":{"line":3,"column":112}},"line":3},"2":{"name":"fulfilled","decl":{"start":{"line":5,"column":8},"end":{"line":5,"column":99}},"loc":{"start":{"line":5,"column":8},"end":{"line":5,"column":99}},"line":5},"3":{"name":"rejected","decl":{"start":{"line":6,"column":8},"end":{"line":6,"column":102}},"loc":{"start":{"line":6,"column":8},"end":{"line":6,"column":102}},"line":6},"4":{"name":"step","decl":{"start":{"line":7,"column":8},"end":{"line":7,"column":118}},"loc":{"start":{"line":7,"column":8},"end":{"line":7,"column":118}},"line":7},"5":{"name":"Aluno","decl":{"start":{"line":14,"column":4},"end":{"line":22,"column":5}},"loc":{"start":{"line":14,"column":4},"end":{"line":22,"column":5}},"line":14},"6":{"name":"Aluno.getAll","decl":{"start":{"line":15,"column":22},"end":{"line":17,"column":10}},"loc":{"start":{"line":15,"column":22},"end":{"line":17,"column":10}},"line":15},"7":{"name":"Aluno.store","decl":{"start":{"line":18,"column":22},"end":{"line":20,"column":10}},"loc":{"start":{"line":18,"column":22},"end":{"line":20,"column":10}},"line":18}},"f":{"0":2,"1":0,"2":0,"3":0,"4":1,"5":3,"6":1,"7":1}}
,"/home/kali_xo/Documents/DNC/desafios/desafio7-typescript/desafio-tech-testes/dist/service/knex.js": {"path":"/home/kali_xo/Documents/DNC/desafios/desafio7-typescript/desafio-tech-testes/dist/service/knex.js","all":false,"statementMap":{"0":{"start":{"line":1,"column":0},"end":{"line":1,"column":13}},"1":{"start":{"line":2,"column":0},"end":{"line":2,"column":97}},"2":{"start":{"line":3,"column":0},"end":{"line":3,"column":33}},"3":{"start":{"line":4,"column":0},"end":{"line":4,"column":53}},"4":{"start":{"line":5,"column":0},"end":{"line":5,"column":88}},"5":{"start":{"line":6,"column":0},"end":{"line":6,"column":68}},"6":{"start":{"line":7,"column":0},"end":{"line":7,"column":5}},"7":{"start":{"line":8,"column":0},"end":{"line":8,"column":39}},"8":{"start":{"line":9,"column":0},"end":{"line":9,"column":29}},"9":{"start":{"line":10,"column":0},"end":{"line":10,"column":33}},"10":{"start":{"line":11,"column":0},"end":{"line":11,"column":17}},"11":{"start":{"line":12,"column":0},"end":{"line":12,"column":4}},"12":{"start":{"line":13,"column":0},"end":{"line":13,"column":96}},"13":{"start":{"line":14,"column":0},"end":{"line":14,"column":72}},"14":{"start":{"line":15,"column":0},"end":{"line":15,"column":21}},"15":{"start":{"line":16,"column":0},"end":{"line":16,"column":21}},"16":{"start":{"line":17,"column":0},"end":{"line":17,"column":3}},"17":{"start":{"line":18,"column":0},"end":{"line":18,"column":64}},"18":{"start":{"line":19,"column":0},"end":{"line":19,"column":31}},"19":{"start":{"line":20,"column":0},"end":{"line":20,"column":62}},"20":{"start":{"line":21,"column":0},"end":{"line":21,"column":24}},"21":{"start":{"line":22,"column":0},"end":{"line":22,"column":95}},"22":{"start":{"line":23,"column":0},"end":{"line":23,"column":22}},"23":{"start":{"line":24,"column":0},"end":{"line":24,"column":10}},"24":{"start":{"line":25,"column":0},"end":{"line":25,"column":26}},"25":{"start":{"line":26,"column":0},"end":{"line":26,"column":6}},"26":{"start":{"line":27,"column":0},"end":{"line":27,"column":27}},"27":{"start":{"line":28,"column":0},"end":{"line":28,"column":46}},"28":{"start":{"line":29,"column":0},"end":{"line":29,"column":24}},"29":{"start":{"line":30,"column":0},"end":{"line":30,"column":137}},"30":{"start":{"line":31,"column":0},"end":{"line":31,"column":40}},"31":{"start":{"line":32,"column":0},"end":{"line":32,"column":22}},"32":{"start":{"line":33,"column":0},"end":{"line":33,"column":6}},"33":{"start":{"line":34,"column":0},"end":{"line":34,"column":5}},"34":{"start":{"line":35,"column":0},"end":{"line":35,"column":72}},"35":{"start":{"line":36,"column":0},"end":{"line":36,"column":62}},"36":{"start":{"line":37,"column":0},"end":{"line":37,"column":2}},"37":{"start":{"line":38,"column":0},"end":{"line":38,"column":62}},"38":{"start":{"line":39,"column":0},"end":{"line":39,"column":29}},"39":{"start":{"line":40,"column":0},"end":{"line":40,"column":45}},"40":{"start":{"line":41,"column":0},"end":{"line":41,"column":58}},"41":{"start":{"line":42,"column":0},"end":{"line":42,"column":19}},"42":{"start":{"line":43,"column":0},"end":{"line":43,"column":19}},"43":{"start":{"line":44,"column":0},"end":{"line":44,"column":31}},"44":{"start":{"line":45,"column":0},"end":{"line":45,"column":36}},"45":{"start":{"line":46,"column":0},"end":{"line":46,"column":71}},"46":{"start":{"line":47,"column":0},"end":{"line":47,"column":13}},"47":{"start":{"line":48,"column":0},"end":{"line":48,"column":36}},"48":{"start":{"line":49,"column":0},"end":{"line":49,"column":10}},"49":{"start":{"line":50,"column":0},"end":{"line":50,"column":5}},"50":{"start":{"line":51,"column":0},"end":{"line":51,"column":1}},"51":{"start":{"line":52,"column":0},"end":{"line":52,"column":34}},"52":{"start":{"line":53,"column":0},"end":{"line":53,"column":30}}},"s":{"0":1,"1":1,"2":13,"3":13,"4":13,"5":11,"6":11,"7":13,"8":1,"9":0,"10":0,"11":1,"12":1,"13":1,"14":1,"15":0,"16":1,"17":1,"18":1,"19":1,"20":0,"21":0,"22":0,"23":1,"24":1,"25":1,"26":1,"27":1,"28":1,"29":1,"30":1,"31":1,"32":1,"33":1,"34":1,"35":1,"36":1,"37":1,"38":1,"39":1,"40":1,"41":1,"42":1,"43":1,"44":1,"45":1,"46":1,"47":1,"48":1,"49":1,"50":1,"51":1,"52":1},"branchMap":{"0":{"type":"branch","line":9,"loc":{"start":{"line":9,"column":1},"end":{"line":12,"column":3}},"locations":[{"start":{"line":9,"column":1},"end":{"line":12,"column":3}}]},"1":{"type":"branch","line":15,"loc":{"start":{"line":15,"column":1},"end":{"line":17,"column":2}},"locations":[{"start":{"line":15,"column":1},"end":{"line":17,"column":2}}]},"2":{"type":"branch","line":2,"loc":{"start":{"line":2,"column":74},"end":{"line":9,"column":6}},"locations":[{"start":{"line":2,"column":74},"end":{"line":9,"column":6}}]},"3":{"type":"branch","line":5,"loc":{"start":{"line":5,"column":31},"end":{"line":5,"column":47}},"locations":[{"start":{"line":5,"column":31},"end":{"line":5,"column":47}}]},"4":{"type":"branch","line":5,"loc":{"start":{"line":5,"column":63},"end":{"line":5,"column":84}},"locations":[{"start":{"line":5,"column":63},"end":{"line":5,"column":84}}]},"5":{"type":"branch","line":5,"loc":{"start":{"line":5,"column":87},"end":{"line":7,"column":5}},"locations":[{"start":{"line":5,"column":87},"end":{"line":7,"column":5}}]},"6":{"type":"branch","line":13,"loc":{"start":{"line":13,"column":80},"end":{"line":15,"column":5}},"locations":[{"start":{"line":13,"column":80},"end":{"line":15,"column":5}}]},"7":{"type":"branch","line":18,"loc":{"start":{"line":18,"column":51},"end":{"line":34,"column":3}},"locations":[{"start":{"line":18,"column":51},"end":{"line":34,"column":3}}]},"8":{"type":"branch","line":19,"loc":{"start":{"line":19,"column":18},"end":{"line":26,"column":5}},"locations":[{"start":{"line":19,"column":18},"end":{"line":26,"column":5}}]},"9":{"type":"branch","line":20,"loc":{"start":{"line":20,"column":44},"end":{"line":24,"column":9}},"locations":[{"start":{"line":20,"column":44},"end":{"line":24,"column":9}}]},"10":{"type":"branch","line":27,"loc":{"start":{"line":27,"column":11},"end":{"line":33,"column":5}},"locations":[{"start":{"line":27,"column":11},"end":{"line":33,"column":5}}]},"11":{"type":"branch","line":28,"loc":{"start":{"line":28,"column":35},"end":{"line":28,"column":46}},"locations":[{"start":{"line":28,"column":35},"end":{"line":28,"column":46}}]},"12":{"type":"branch","line":30,"loc":{"start":{"line":30,"column":78},"end":{"line":30,"column":137}},"locations":[{"start":{"line":30,"column":78},"end":{"line":30,"column":137}}]},"13":{"type":"branch","line":30,"loc":{"start":{"line":30,"column":102},"end":{"line":30,"column":137}},"locations":[{"start":{"line":30,"column":102},"end":{"line":30,"column":137}}]},"14":{"type":"branch","line":35,"loc":{"start":{"line":35,"column":56},"end":{"line":37,"column":2}},"locations":[{"start":{"line":35,"column":56},"end":{"line":37,"column":2}}]},"15":{"type":"branch","line":36,"loc":{"start":{"line":36,"column":40},"end":{"line":36,"column":61}},"locations":[{"start":{"line":36,"column":40},"end":{"line":36,"column":61}}]},"16":{"type":"branch","line":43,"loc":{"start":{"line":43,"column":4},"end":{"line":50,"column":5}},"locations":[{"start":{"line":43,"column":4},"end":{"line":50,"column":5}}]},"17":{"type":"branch","line":44,"loc":{"start":{"line":44,"column":24},"end":{"line":49,"column":9}},"locations":[{"start":{"line":44,"column":24},"end":{"line":49,"column":9}}]}},"b":{"0":[0],"1":[0],"2":[13],"3":[0],"4":[4],"5":[11],"6":[1],"7":[1],"8":[1],"9":[0],"10":[1],"11":[0],"12":[14],"13":[13],"14":[1],"15":[0],"16":[1],"17":[1]},"fnMap":{"0":{"name":"Object.<anonymous>.__createBinding","decl":{"start":{"line":2,"column":74},"end":{"line":9,"column":6}},"loc":{"start":{"line":2,"column":74},"end":{"line":9,"column":6}},"line":2},"1":{"name":"get","decl":{"start":{"line":6,"column":38},"end":{"line":6,"column":66}},"loc":{"start":{"line":6,"column":38},"end":{"line":6,"column":66}},"line":6},"2":{"name":"Object.<anonymous>.__createBinding","decl":{"start":{"line":9,"column":6},"end":{"line":12,"column":3}},"loc":{"start":{"line":9,"column":6},"end":{"line":12,"column":3}},"line":9},"3":{"name":"Object.<anonymous>.__setModuleDefault","decl":{"start":{"line":13,"column":80},"end":{"line":15,"column":5}},"loc":{"start":{"line":13,"column":80},"end":{"line":15,"column":5}},"line":13},"4":{"name":"Object.<anonymous>.__setModuleDefault","decl":{"start":{"line":15,"column":5},"end":{"line":17,"column":2}},"loc":{"start":{"line":15,"column":5},"end":{"line":17,"column":2}},"line":15},"5":{"name":"ownKeys","decl":{"start":{"line":19,"column":18},"end":{"line":26,"column":5}},"loc":{"start":{"line":19,"column":18},"end":{"line":26,"column":5}},"line":19},"6":{"name":"ownKeys","decl":{"start":{"line":20,"column":48},"end":{"line":24,"column":9}},"loc":{"start":{"line":20,"column":48},"end":{"line":24,"column":9}},"line":20},"7":{"name":"Object.<anonymous>.__importDefault","decl":{"start":{"line":35,"column":56},"end":{"line":37,"column":2}},"loc":{"start":{"line":35,"column":56},"end":{"line":37,"column":2}},"line":35},"8":{"name":"KnexService","decl":{"start":{"line":43,"column":4},"end":{"line":50,"column":5}},"loc":{"start":{"line":43,"column":4},"end":{"line":50,"column":5}},"line":43},"9":{"name":"KnexService.conectar","decl":{"start":{"line":44,"column":24},"end":{"line":49,"column":9}},"loc":{"start":{"line":44,"column":24},"end":{"line":49,"column":9}},"line":44}},"f":{"0":13,"1":0,"2":0,"3":1,"4":0,"5":1,"6":0,"7":1,"8":1,"9":1}}
}
