TN:
SF:dist/config/knex.js
FNF:0
FNH:0
DA:1,1
DA:2,1
DA:3,1
DA:4,1
DA:5,1
DA:6,1
DA:7,1
DA:8,1
DA:9,1
DA:10,1
DA:11,1
DA:12,1
DA:13,1
DA:14,1
LF:14
LH:14
BRF:0
BRH:0
end_of_record
TN:
SF:dist/module/aluno/aluno.factory.js
FNF:0
FNH:0
DA:1,1
DA:2,1
DA:3,1
DA:4,1
DA:5,1
LF:5
LH:5
BRF:0
BRH:0
end_of_record
TN:
SF:dist/module/aluno/aluno.model.js
FN:2,Object.<anonymous>.__awaiter
FN:3,adopt
FN:5,fulfilled
FN:6,rejected
FN:7,step
FN:14,Aluno
FN:15,Aluno.getAll
FN:18,Aluno.store
FNF:8
FNH:5
FNDA:2,Object.<anonymous>.__awaiter
FNDA:0,adopt
FNDA:0,fulfilled
FNDA:0,rejected
FNDA:1,step
FNDA:3,Aluno
FNDA:1,Aluno.getAll
FNDA:1,Aluno.store
DA:1,1
DA:2,1
DA:3,2
DA:4,2
DA:5,2
DA:6,2
DA:7,2
DA:8,2
DA:9,2
DA:10,2
DA:11,1
DA:12,1
DA:13,1
DA:14,1
DA:15,3
DA:16,1
DA:17,3
DA:18,3
DA:19,1
DA:20,3
DA:21,3
DA:22,3
DA:23,1
DA:24,1
LF:24
LH:24
BRDA:2,0,0,2
BRDA:4,1,0,2
BRDA:7,2,0,1
BRDA:7,3,0,0
BRDA:14,4,0,3
BRDA:15,5,0,1
BRDA:15,6,0,1
BRDA:18,7,0,1
BRDA:18,8,0,1
BRF:9
BRH:8
end_of_record
TN:
SF:dist/service/knex.js
FN:2,Object.<anonymous>.__createBinding
FN:6,get
FN:9,Object.<anonymous>.__createBinding
FN:13,Object.<anonymous>.__setModuleDefault
FN:15,Object.<anonymous>.__setModuleDefault
FN:19,ownKeys
FN:20,ownKeys
FN:35,Object.<anonymous>.__importDefault
FN:43,KnexService
FN:44,KnexService.conectar
FNF:10
FNH:6
FNDA:13,Object.<anonymous>.__createBinding
FNDA:0,get
FNDA:0,Object.<anonymous>.__createBinding
FNDA:1,Object.<anonymous>.__setModuleDefault
FNDA:0,Object.<anonymous>.__setModuleDefault
FNDA:1,ownKeys
FNDA:0,ownKeys
FNDA:1,Object.<anonymous>.__importDefault
FNDA:1,KnexService
FNDA:1,KnexService.conectar
DA:1,1
DA:2,1
DA:3,13
DA:4,13
DA:5,13
DA:6,11
DA:7,11
DA:8,13
DA:9,1
DA:10,0
DA:11,0
DA:12,1
DA:13,1
DA:14,1
DA:15,1
DA:16,0
DA:17,1
DA:18,1
DA:19,1
DA:20,1
DA:21,0
DA:22,0
DA:23,0
DA:24,1
DA:25,1
DA:26,1
DA:27,1
DA:28,1
DA:29,1
DA:30,1
DA:31,1
DA:32,1
DA:33,1
DA:34,1
DA:35,1
DA:36,1
DA:37,1
DA:38,1
DA:39,1
DA:40,1
DA:41,1
DA:42,1
DA:43,1
DA:44,1
DA:45,1
DA:46,1
DA:47,1
DA:48,1
DA:49,1
DA:50,1
DA:51,1
DA:52,1
DA:53,1
LF:53
LH:47
BRDA:9,0,0,0
BRDA:15,1,0,0
BRDA:2,2,0,13
BRDA:5,3,0,0
BRDA:5,4,0,4
BRDA:5,5,0,11
BRDA:13,6,0,1
BRDA:18,7,0,1
BRDA:19,8,0,1
BRDA:20,9,0,0
BRDA:27,10,0,1
BRDA:28,11,0,0
BRDA:30,12,0,14
BRDA:30,13,0,13
BRDA:35,14,0,1
BRDA:36,15,0,0
BRDA:43,16,0,1
BRDA:44,17,0,1
BRF:18
BRH:12
end_of_record
